[main e4826e2] computed SNP density, nucleotide diversity and Tajima's D for sorted VCF files with minor allele count 1
 307 files changed, 341808 insertions(+)
 create mode 100644 vcf_stats/snp_density_1000000_sorted_chr_1.phased.snpden
 create mode 100644 vcf_stats/snp_density_1000000_sorted_chr_10.phased.snpden
 create mode 100644 vcf_stats/snp_density_1000000_sorted_chr_11.phased.snpden
 create mode 100644 vcf_stats/snp_density_1000000_sorted_chr_12.phased.snpden
 create mode 100644 vcf_stats/snp_density_1000000_sorted_chr_13.phased.snpden
 create mode 100644 vcf_stats/snp_density_1000000_sorted_chr_14.phased.snpden
 create mode 100644 vcf_stats/snp_density_1000000_sorted_chr_15.phased.snpden
 create mode 100644 vcf_stats/snp_density_1000000_sorted_chr_16.phased.snpden
 create mode 100644 vcf_stats/snp_density_1000000_sorted_chr_17.phased.snpden
 create mode 100644 vcf_stats/snp_density_1000000_sorted_chr_18.phased.snpden
 create mode 100644 vcf_stats/snp_density_1000000_sorted_chr_19.phased.snpden
 create mode 100644 vcf_stats/snp_density_1000000_sorted_chr_2.phased.snpden
 create mode 100644 vcf_stats/snp_density_1000000_sorted_chr_20.phased.snpden
 create mode 100644 vcf_stats/snp_density_1000000_sorted_chr_21.phased.snpden
 create mode 100644 vcf_stats/snp_density_1000000_sorted_chr_22.phased.snpden
 create mode 100644 vcf_stats/snp_density_1000000_sorted_chr_23.phased.snpden
 create mode 100644 vcf_stats/snp_density_1000000_sorted_chr_24.phased.snpden
 create mode 100644 vcf_stats/snp_density_1000000_sorted_chr_25.phased.snpden
 create mode 100644 vcf_stats/snp_density_1000000_sorted_chr_26.phased.snpden
 create mode 100644 vcf_stats/snp_density_1000000_sorted_chr_27.phased.snpden
 create mode 100644 vcf_stats/snp_density_1000000_sorted_chr_28.phased.snpden
 create mode 100644 vcf_stats/snp_density_1000000_sorted_chr_29.phased.snpden
 create mode 100644 vcf_stats/snp_density_1000000_sorted_chr_3.phased.snpden
 create mode 100644 vcf_stats/snp_density_1000000_sorted_chr_30.phased.snpden
 create mode 100644 vcf_stats/snp_density_1000000_sorted_chr_31.phased.snpden
 create mode 100644 vcf_stats/snp_density_1000000_sorted_chr_32.phased.snpden
 create mode 100644 vcf_stats/snp_density_1000000_sorted_chr_33.phased.snpden
 create mode 100644 vcf_stats/snp_density_1000000_sorted_chr_4.phased.snpden
 create mode 100644 vcf_stats/snp_density_1000000_sorted_chr_5.phased.snpden
 create mode 100644 vcf_stats/snp_density_1000000_sorted_chr_6.phased.snpden
 create mode 100644 vcf_stats/snp_density_1000000_sorted_chr_7.phased.snpden
 create mode 100644 vcf_stats/snp_density_1000000_sorted_chr_8.phased.snpden
 create mode 100644 vcf_stats/snp_density_1000000_sorted_chr_9.phased.snpden
 create mode 100644 vcf_stats/snp_density_1000000_sorted_chr_Z.phased.snpden
 create mode 100644 vcf_stats/snp_density_100000_sorted_chr_1.phased.snpden
 create mode 100644 vcf_stats/snp_density_100000_sorted_chr_10.phased.snpden
 create mode 100644 vcf_stats/snp_density_100000_sorted_chr_11.phased.snpden
 create mode 100644 vcf_stats/snp_density_100000_sorted_chr_12.phased.snpden
 create mode 100644 vcf_stats/snp_density_100000_sorted_chr_13.phased.snpden
 create mode 100644 vcf_stats/snp_density_100000_sorted_chr_14.phased.snpden
 create mode 100644 vcf_stats/snp_density_100000_sorted_chr_15.phased.snpden
 create mode 100644 vcf_stats/snp_density_100000_sorted_chr_16.phased.snpden
 create mode 100644 vcf_stats/snp_density_100000_sorted_chr_17.phased.snpden
 create mode 100644 vcf_stats/snp_density_100000_sorted_chr_18.phased.snpden
 create mode 100644 vcf_stats/snp_density_100000_sorted_chr_19.phased.snpden
 create mode 100644 vcf_stats/snp_density_100000_sorted_chr_2.phased.snpden
 create mode 100644 vcf_stats/snp_density_100000_sorted_chr_20.phased.snpden
 create mode 100644 vcf_stats/snp_density_100000_sorted_chr_21.phased.snpden
 create mode 100644 vcf_stats/snp_density_100000_sorted_chr_22.phased.snpden
 create mode 100644 vcf_stats/snp_density_100000_sorted_chr_23.phased.snpden
 create mode 100644 vcf_stats/snp_density_100000_sorted_chr_24.phased.snpden
 create mode 100644 vcf_stats/snp_density_100000_sorted_chr_25.phased.snpden
 create mode 100644 vcf_stats/snp_density_100000_sorted_chr_26.phased.snpden
 create mode 100644 vcf_stats/snp_density_100000_sorted_chr_27.phased.snpden
 create mode 100644 vcf_stats/snp_density_100000_sorted_chr_28.phased.snpden
 create mode 100644 vcf_stats/snp_density_100000_sorted_chr_29.phased.snpden
 create mode 100644 vcf_stats/snp_density_100000_sorted_chr_3.phased.snpden
 create mode 100644 vcf_stats/snp_density_100000_sorted_chr_30.phased.snpden
 create mode 100644 vcf_stats/snp_density_100000_sorted_chr_31.phased.snpden
 create mode 100644 vcf_stats/snp_density_100000_sorted_chr_32.phased.snpden
 create mode 100644 vcf_stats/snp_density_100000_sorted_chr_33.phased.snpden
 create mode 100644 vcf_stats/snp_density_100000_sorted_chr_4.phased.snpden
 create mode 100644 vcf_stats/snp_density_100000_sorted_chr_5.phased.snpden
 create mode 100644 vcf_stats/snp_density_100000_sorted_chr_6.phased.snpden
 create mode 100644 vcf_stats/snp_density_100000_sorted_chr_7.phased.snpden
 create mode 100644 vcf_stats/snp_density_100000_sorted_chr_8.phased.snpden
 create mode 100644 vcf_stats/snp_density_100000_sorted_chr_9.phased.snpden
 create mode 100644 vcf_stats/snp_density_100000_sorted_chr_Z.phased.snpden
 create mode 100644 vcf_stats/snp_density_10000_sorted_chr_1.phased.snpden
 create mode 100644 vcf_stats/snp_density_10000_sorted_chr_10.phased.log
 create mode 100644 vcf_stats/snp_density_10000_sorted_chr_10.phased.snpden
 create mode 100644 vcf_stats/snp_density_10000_sorted_chr_11.phased.snpden
 create mode 100644 vcf_stats/snp_density_10000_sorted_chr_12.phased.snpden
 create mode 100644 vcf_stats/snp_density_10000_sorted_chr_13.phased.snpden
 create mode 100644 vcf_stats/snp_density_10000_sorted_chr_14.phased.snpden
 create mode 100644 vcf_stats/snp_density_10000_sorted_chr_15.phased.snpden
 create mode 100644 vcf_stats/snp_density_10000_sorted_chr_16.phased.snpden
 create mode 100644 vcf_stats/snp_density_10000_sorted_chr_17.phased.snpden
 create mode 100644 vcf_stats/snp_density_10000_sorted_chr_18.phased.snpden
 create mode 100644 vcf_stats/snp_density_10000_sorted_chr_19.phased.snpden
 create mode 100644 vcf_stats/snp_density_10000_sorted_chr_2.phased.snpden
 create mode 100644 vcf_stats/snp_density_10000_sorted_chr_20.phased.snpden
 create mode 100644 vcf_stats/snp_density_10000_sorted_chr_21.phased.snpden
 create mode 100644 vcf_stats/snp_density_10000_sorted_chr_22.phased.snpden
 create mode 100644 vcf_stats/snp_density_10000_sorted_chr_23.phased.snpden
 create mode 100644 vcf_stats/snp_density_10000_sorted_chr_24.phased.snpden
 create mode 100644 vcf_stats/snp_density_10000_sorted_chr_25.phased.snpden
 create mode 100644 vcf_stats/snp_density_10000_sorted_chr_26.phased.snpden
 create mode 100644 vcf_stats/snp_density_10000_sorted_chr_27.phased.snpden
 create mode 100644 vcf_stats/snp_density_10000_sorted_chr_28.phased.snpden
 create mode 100644 vcf_stats/snp_density_10000_sorted_chr_29.phased.snpden
 create mode 100644 vcf_stats/snp_density_10000_sorted_chr_3.phased.snpden
 create mode 100644 vcf_stats/snp_density_10000_sorted_chr_30.phased.snpden
 create mode 100644 vcf_stats/snp_density_10000_sorted_chr_31.phased.snpden
 create mode 100644 vcf_stats/snp_density_10000_sorted_chr_32.phased.snpden
 create mode 100644 vcf_stats/snp_density_10000_sorted_chr_33.phased.snpden
 create mode 100644 vcf_stats/snp_density_10000_sorted_chr_4.phased.snpden
 create mode 100644 vcf_stats/snp_density_10000_sorted_chr_5.phased.snpden
 create mode 100644 vcf_stats/snp_density_10000_sorted_chr_6.phased.snpden
 create mode 100644 vcf_stats/snp_density_10000_sorted_chr_7.phased.snpden
 create mode 100644 vcf_stats/snp_density_10000_sorted_chr_8.phased.snpden
 create mode 100644 vcf_stats/snp_density_10000_sorted_chr_9.phased.snpden
 create mode 100644 vcf_stats/snp_density_10000_sorted_chr_Z.phased.snpden
 create mode 100644 vcf_stats/tajimaD_1000000_sorted_chr_1.phased.Tajima.D
 create mode 100644 vcf_stats/tajimaD_1000000_sorted_chr_10.phased.Tajima.D
 create mode 100644 vcf_stats/tajimaD_1000000_sorted_chr_11.phased.Tajima.D
 create mode 100644 vcf_stats/tajimaD_1000000_sorted_chr_12.phased.Tajima.D
 create mode 100644 vcf_stats/tajimaD_1000000_sorted_chr_13.phased.Tajima.D
 create mode 100644 vcf_stats/tajimaD_1000000_sorted_chr_14.phased.Tajima.D
 create mode 100644 vcf_stats/tajimaD_1000000_sorted_chr_15.phased.Tajima.D
 create mode 100644 vcf_stats/tajimaD_1000000_sorted_chr_16.phased.Tajima.D
 create mode 100644 vcf_stats/tajimaD_1000000_sorted_chr_17.phased.Tajima.D
 create mode 100644 vcf_stats/tajimaD_1000000_sorted_chr_18.phased.Tajima.D
 create mode 100644 vcf_stats/tajimaD_1000000_sorted_chr_19.phased.Tajima.D
 create mode 100644 vcf_stats/tajimaD_1000000_sorted_chr_2.phased.Tajima.D
 create mode 100644 vcf_stats/tajimaD_1000000_sorted_chr_20.phased.Tajima.D
 create mode 100644 vcf_stats/tajimaD_1000000_sorted_chr_21.phased.Tajima.D
 create mode 100644 vcf_stats/tajimaD_1000000_sorted_chr_22.phased.Tajima.D
 create mode 100644 vcf_stats/tajimaD_1000000_sorted_chr_23.phased.Tajima.D
 create mode 100644 vcf_stats/tajimaD_1000000_sorted_chr_24.phased.Tajima.D
 create mode 100644 vcf_stats/tajimaD_1000000_sorted_chr_25.phased.Tajima.D
 create mode 100644 vcf_stats/tajimaD_1000000_sorted_chr_26.phased.Tajima.D
 create mode 100644 vcf_stats/tajimaD_1000000_sorted_chr_27.phased.Tajima.D
 create mode 100644 vcf_stats/tajimaD_1000000_sorted_chr_28.phased.Tajima.D
 create mode 100644 vcf_stats/tajimaD_1000000_sorted_chr_29.phased.Tajima.D
 create mode 100644 vcf_stats/tajimaD_1000000_sorted_chr_3.phased.Tajima.D
 create mode 100644 vcf_stats/tajimaD_1000000_sorted_chr_30.phased.Tajima.D
 create mode 100644 vcf_stats/tajimaD_1000000_sorted_chr_31.phased.Tajima.D
 create mode 100644 vcf_stats/tajimaD_1000000_sorted_chr_32.phased.Tajima.D
 create mode 100644 vcf_stats/tajimaD_1000000_sorted_chr_33.phased.Tajima.D
 create mode 100644 vcf_stats/tajimaD_1000000_sorted_chr_4.phased.Tajima.D
 create mode 100644 vcf_stats/tajimaD_1000000_sorted_chr_5.phased.Tajima.D
 create mode 100644 vcf_stats/tajimaD_1000000_sorted_chr_6.phased.Tajima.D
 create mode 100644 vcf_stats/tajimaD_1000000_sorted_chr_7.phased.Tajima.D
 create mode 100644 vcf_stats/tajimaD_1000000_sorted_chr_8.phased.Tajima.D
 create mode 100644 vcf_stats/tajimaD_1000000_sorted_chr_9.phased.Tajima.D
 create mode 100644 vcf_stats/tajimaD_1000000_sorted_chr_Z.phased.Tajima.D
 create mode 100644 vcf_stats/tajimaD_100000_sorted_chr_1.phased.Tajima.D
 create mode 100644 vcf_stats/tajimaD_100000_sorted_chr_10.phased.Tajima.D
 create mode 100644 vcf_stats/tajimaD_100000_sorted_chr_11.phased.Tajima.D
 create mode 100644 vcf_stats/tajimaD_100000_sorted_chr_12.phased.Tajima.D
 create mode 100644 vcf_stats/tajimaD_100000_sorted_chr_13.phased.Tajima.D
 create mode 100644 vcf_stats/tajimaD_100000_sorted_chr_14.phased.Tajima.D
 create mode 100644 vcf_stats/tajimaD_100000_sorted_chr_15.phased.Tajima.D
 create mode 100644 vcf_stats/tajimaD_100000_sorted_chr_16.phased.Tajima.D
 create mode 100644 vcf_stats/tajimaD_100000_sorted_chr_17.phased.Tajima.D
 create mode 100644 vcf_stats/tajimaD_100000_sorted_chr_18.phased.Tajima.D
 create mode 100644 vcf_stats/tajimaD_100000_sorted_chr_19.phased.Tajima.D
 create mode 100644 vcf_stats/tajimaD_100000_sorted_chr_2.phased.Tajima.D
 create mode 100644 vcf_stats/tajimaD_100000_sorted_chr_20.phased.Tajima.D
 create mode 100644 vcf_stats/tajimaD_100000_sorted_chr_21.phased.Tajima.D
 create mode 100644 vcf_stats/tajimaD_100000_sorted_chr_22.phased.Tajima.D
 create mode 100644 vcf_stats/tajimaD_100000_sorted_chr_23.phased.Tajima.D
 create mode 100644 vcf_stats/tajimaD_100000_sorted_chr_24.phased.Tajima.D
 create mode 100644 vcf_stats/tajimaD_100000_sorted_chr_25.phased.Tajima.D
 create mode 100644 vcf_stats/tajimaD_100000_sorted_chr_26.phased.Tajima.D
 create mode 100644 vcf_stats/tajimaD_100000_sorted_chr_27.phased.Tajima.D
 create mode 100644 vcf_stats/tajimaD_100000_sorted_chr_28.phased.Tajima.D
 create mode 100644 vcf_stats/tajimaD_100000_sorted_chr_29.phased.Tajima.D
 create mode 100644 vcf_stats/tajimaD_100000_sorted_chr_3.phased.Tajima.D
 create mode 100644 vcf_stats/tajimaD_100000_sorted_chr_30.phased.Tajima.D
 create mode 100644 vcf_stats/tajimaD_100000_sorted_chr_31.phased.Tajima.D
 create mode 100644 vcf_stats/tajimaD_100000_sorted_chr_32.phased.Tajima.D
 create mode 100644 vcf_stats/tajimaD_100000_sorted_chr_33.phased.Tajima.D
 create mode 100644 vcf_stats/tajimaD_100000_sorted_chr_4.phased.Tajima.D
 create mode 100644 vcf_stats/tajimaD_100000_sorted_chr_5.phased.Tajima.D
 create mode 100644 vcf_stats/tajimaD_100000_sorted_chr_6.phased.Tajima.D
 create mode 100644 vcf_stats/tajimaD_100000_sorted_chr_7.phased.Tajima.D
 create mode 100644 vcf_stats/tajimaD_100000_sorted_chr_8.phased.Tajima.D
 create mode 100644 vcf_stats/tajimaD_100000_sorted_chr_9.phased.Tajima.D
 create mode 100644 vcf_stats/tajimaD_100000_sorted_chr_Z.phased.Tajima.D
 create mode 100644 vcf_stats/tajimaD_10000_sorted_chr_1.phased.Tajima.D
 create mode 100644 vcf_stats/tajimaD_10000_sorted_chr_10.phased.Tajima.D
 create mode 100644 vcf_stats/tajimaD_10000_sorted_chr_11.phased.Tajima.D
 create mode 100644 vcf_stats/tajimaD_10000_sorted_chr_12.phased.Tajima.D
 create mode 100644 vcf_stats/tajimaD_10000_sorted_chr_13.phased.Tajima.D
 create mode 100644 vcf_stats/tajimaD_10000_sorted_chr_14.phased.Tajima.D
 create mode 100644 vcf_stats/tajimaD_10000_sorted_chr_15.phased.Tajima.D
 create mode 100644 vcf_stats/tajimaD_10000_sorted_chr_16.phased.Tajima.D
 create mode 100644 vcf_stats/tajimaD_10000_sorted_chr_17.phased.Tajima.D
 create mode 100644 vcf_stats/tajimaD_10000_sorted_chr_18.phased.Tajima.D
 create mode 100644 vcf_stats/tajimaD_10000_sorted_chr_19.phased.Tajima.D
 create mode 100644 vcf_stats/tajimaD_10000_sorted_chr_2.phased.Tajima.D
 create mode 100644 vcf_stats/tajimaD_10000_sorted_chr_20.phased.Tajima.D
 create mode 100644 vcf_stats/tajimaD_10000_sorted_chr_21.phased.Tajima.D
 create mode 100644 vcf_stats/tajimaD_10000_sorted_chr_22.phased.Tajima.D
 create mode 100644 vcf_stats/tajimaD_10000_sorted_chr_23.phased.Tajima.D
 create mode 100644 vcf_stats/tajimaD_10000_sorted_chr_24.phased.Tajima.D
 create mode 100644 vcf_stats/tajimaD_10000_sorted_chr_25.phased.Tajima.D
 create mode 100644 vcf_stats/tajimaD_10000_sorted_chr_26.phased.Tajima.D
 create mode 100644 vcf_stats/tajimaD_10000_sorted_chr_27.phased.Tajima.D
 create mode 100644 vcf_stats/tajimaD_10000_sorted_chr_28.phased.Tajima.D
 create mode 100644 vcf_stats/tajimaD_10000_sorted_chr_29.phased.Tajima.D
 create mode 100644 vcf_stats/tajimaD_10000_sorted_chr_3.phased.Tajima.D
 create mode 100644 vcf_stats/tajimaD_10000_sorted_chr_30.phased.Tajima.D
 create mode 100644 vcf_stats/tajimaD_10000_sorted_chr_31.phased.Tajima.D
 create mode 100644 vcf_stats/tajimaD_10000_sorted_chr_32.phased.Tajima.D
 create mode 100644 vcf_stats/tajimaD_10000_sorted_chr_33.phased.Tajima.D
 create mode 100644 vcf_stats/tajimaD_10000_sorted_chr_4.phased.Tajima.D
 create mode 100644 vcf_stats/tajimaD_10000_sorted_chr_5.phased.Tajima.D
 create mode 100644 vcf_stats/tajimaD_10000_sorted_chr_6.phased.Tajima.D
 create mode 100644 vcf_stats/tajimaD_10000_sorted_chr_7.phased.Tajima.D
 create mode 100644 vcf_stats/tajimaD_10000_sorted_chr_8.phased.Tajima.D
 create mode 100644 vcf_stats/tajimaD_10000_sorted_chr_9.phased.Tajima.D
 create mode 100644 vcf_stats/tajimaD_10000_sorted_chr_Z.phased.Tajima.D
 create mode 100644 vcf_stats/window_pi_1000000_sorted_chr_1.phased.windowed.pi
 create mode 100644 vcf_stats/window_pi_1000000_sorted_chr_10.phased.windowed.pi
 create mode 100644 vcf_stats/window_pi_1000000_sorted_chr_11.phased.windowed.pi
 create mode 100644 vcf_stats/window_pi_1000000_sorted_chr_12.phased.windowed.pi
 create mode 100644 vcf_stats/window_pi_1000000_sorted_chr_13.phased.windowed.pi
 create mode 100644 vcf_stats/window_pi_1000000_sorted_chr_14.phased.windowed.pi
 create mode 100644 vcf_stats/window_pi_1000000_sorted_chr_15.phased.windowed.pi
 create mode 100644 vcf_stats/window_pi_1000000_sorted_chr_16.phased.windowed.pi
 create mode 100644 vcf_stats/window_pi_1000000_sorted_chr_17.phased.windowed.pi
 create mode 100644 vcf_stats/window_pi_1000000_sorted_chr_18.phased.windowed.pi
 create mode 100644 vcf_stats/window_pi_1000000_sorted_chr_19.phased.windowed.pi
 create mode 100644 vcf_stats/window_pi_1000000_sorted_chr_2.phased.windowed.pi
 create mode 100644 vcf_stats/window_pi_1000000_sorted_chr_20.phased.windowed.pi
 create mode 100644 vcf_stats/window_pi_1000000_sorted_chr_21.phased.windowed.pi
 create mode 100644 vcf_stats/window_pi_1000000_sorted_chr_22.phased.windowed.pi
 create mode 100644 vcf_stats/window_pi_1000000_sorted_chr_23.phased.windowed.pi
 create mode 100644 vcf_stats/window_pi_1000000_sorted_chr_24.phased.windowed.pi
 create mode 100644 vcf_stats/window_pi_1000000_sorted_chr_25.phased.windowed.pi
 create mode 100644 vcf_stats/window_pi_1000000_sorted_chr_26.phased.windowed.pi
 create mode 100644 vcf_stats/window_pi_1000000_sorted_chr_27.phased.windowed.pi
 create mode 100644 vcf_stats/window_pi_1000000_sorted_chr_28.phased.windowed.pi
 create mode 100644 vcf_stats/window_pi_1000000_sorted_chr_29.phased.windowed.pi
 create mode 100644 vcf_stats/window_pi_1000000_sorted_chr_3.phased.windowed.pi
 create mode 100644 vcf_stats/window_pi_1000000_sorted_chr_30.phased.windowed.pi
 create mode 100644 vcf_stats/window_pi_1000000_sorted_chr_31.phased.windowed.pi
 create mode 100644 vcf_stats/window_pi_1000000_sorted_chr_32.phased.windowed.pi
 create mode 100644 vcf_stats/window_pi_1000000_sorted_chr_33.phased.windowed.pi
 create mode 100644 vcf_stats/window_pi_1000000_sorted_chr_4.phased.windowed.pi
 create mode 100644 vcf_stats/window_pi_1000000_sorted_chr_5.phased.windowed.pi
 create mode 100644 vcf_stats/window_pi_1000000_sorted_chr_6.phased.windowed.pi
 create mode 100644 vcf_stats/window_pi_1000000_sorted_chr_7.phased.windowed.pi
 create mode 100644 vcf_stats/window_pi_1000000_sorted_chr_8.phased.windowed.pi
 create mode 100644 vcf_stats/window_pi_1000000_sorted_chr_9.phased.windowed.pi
 create mode 100644 vcf_stats/window_pi_1000000_sorted_chr_Z.phased.windowed.pi
 create mode 100644 vcf_stats/window_pi_100000_sorted_chr_1.phased.windowed.pi
 create mode 100644 vcf_stats/window_pi_100000_sorted_chr_10.phased.windowed.pi
 create mode 100644 vcf_stats/window_pi_100000_sorted_chr_11.phased.windowed.pi
 create mode 100644 vcf_stats/window_pi_100000_sorted_chr_12.phased.windowed.pi
 create mode 100644 vcf_stats/window_pi_100000_sorted_chr_13.phased.windowed.pi
 create mode 100644 vcf_stats/window_pi_100000_sorted_chr_14.phased.windowed.pi
 create mode 100644 vcf_stats/window_pi_100000_sorted_chr_15.phased.windowed.pi
 create mode 100644 vcf_stats/window_pi_100000_sorted_chr_16.phased.windowed.pi
 create mode 100644 vcf_stats/window_pi_100000_sorted_chr_17.phased.windowed.pi
 create mode 100644 vcf_stats/window_pi_100000_sorted_chr_18.phased.windowed.pi
 create mode 100644 vcf_stats/window_pi_100000_sorted_chr_19.phased.windowed.pi
 create mode 100644 vcf_stats/window_pi_100000_sorted_chr_2.phased.windowed.pi
 create mode 100644 vcf_stats/window_pi_100000_sorted_chr_20.phased.windowed.pi
 create mode 100644 vcf_stats/window_pi_100000_sorted_chr_21.phased.windowed.pi
 create mode 100644 vcf_stats/window_pi_100000_sorted_chr_22.phased.windowed.pi
 create mode 100644 vcf_stats/window_pi_100000_sorted_chr_23.phased.windowed.pi
 create mode 100644 vcf_stats/window_pi_100000_sorted_chr_24.phased.windowed.pi
 create mode 100644 vcf_stats/window_pi_100000_sorted_chr_25.phased.windowed.pi
 create mode 100644 vcf_stats/window_pi_100000_sorted_chr_26.phased.windowed.pi
 create mode 100644 vcf_stats/window_pi_100000_sorted_chr_27.phased.windowed.pi
 create mode 100644 vcf_stats/window_pi_100000_sorted_chr_28.phased.windowed.pi
 create mode 100644 vcf_stats/window_pi_100000_sorted_chr_29.phased.windowed.pi
 create mode 100644 vcf_stats/window_pi_100000_sorted_chr_3.phased.windowed.pi
 create mode 100644 vcf_stats/window_pi_100000_sorted_chr_30.phased.windowed.pi
 create mode 100644 vcf_stats/window_pi_100000_sorted_chr_31.phased.windowed.pi
 create mode 100644 vcf_stats/window_pi_100000_sorted_chr_32.phased.windowed.pi
 create mode 100644 vcf_stats/window_pi_100000_sorted_chr_33.phased.windowed.pi
 create mode 100644 vcf_stats/window_pi_100000_sorted_chr_4.phased.windowed.pi
 create mode 100644 vcf_stats/window_pi_100000_sorted_chr_5.phased.windowed.pi
 create mode 100644 vcf_stats/window_pi_100000_sorted_chr_6.phased.windowed.pi
 create mode 100644 vcf_stats/window_pi_100000_sorted_chr_7.phased.windowed.pi
 create mode 100644 vcf_stats/window_pi_100000_sorted_chr_8.phased.windowed.pi
 create mode 100644 vcf_stats/window_pi_100000_sorted_chr_9.phased.windowed.pi
 create mode 100644 vcf_stats/window_pi_100000_sorted_chr_Z.phased.windowed.pi
 create mode 100644 vcf_stats/window_pi_10000_sorted_chr_1.phased.windowed.pi
 create mode 100644 vcf_stats/window_pi_10000_sorted_chr_10.phased.windowed.pi
 create mode 100644 vcf_stats/window_pi_10000_sorted_chr_11.phased.windowed.pi
 create mode 100644 vcf_stats/window_pi_10000_sorted_chr_12.phased.windowed.pi
 create mode 100644 vcf_stats/window_pi_10000_sorted_chr_13.phased.windowed.pi
 create mode 100644 vcf_stats/window_pi_10000_sorted_chr_14.phased.windowed.pi
 create mode 100644 vcf_stats/window_pi_10000_sorted_chr_15.phased.windowed.pi
 create mode 100644 vcf_stats/window_pi_10000_sorted_chr_16.phased.windowed.pi
 create mode 100644 vcf_stats/window_pi_10000_sorted_chr_17.phased.windowed.pi
 create mode 100644 vcf_stats/window_pi_10000_sorted_chr_18.phased.windowed.pi
 create mode 100644 vcf_stats/window_pi_10000_sorted_chr_19.phased.windowed.pi
 create mode 100644 vcf_stats/window_pi_10000_sorted_chr_2.phased.windowed.pi
 create mode 100644 vcf_stats/window_pi_10000_sorted_chr_20.phased.windowed.pi
 create mode 100644 vcf_stats/window_pi_10000_sorted_chr_21.phased.windowed.pi
 create mode 100644 vcf_stats/window_pi_10000_sorted_chr_22.phased.windowed.pi
 create mode 100644 vcf_stats/window_pi_10000_sorted_chr_23.phased.windowed.pi
 create mode 100644 vcf_stats/window_pi_10000_sorted_chr_24.phased.windowed.pi
 create mode 100644 vcf_stats/window_pi_10000_sorted_chr_25.phased.windowed.pi
 create mode 100644 vcf_stats/window_pi_10000_sorted_chr_26.phased.windowed.pi
 create mode 100644 vcf_stats/window_pi_10000_sorted_chr_27.phased.windowed.pi
 create mode 100644 vcf_stats/window_pi_10000_sorted_chr_28.phased.windowed.pi
 create mode 100644 vcf_stats/window_pi_10000_sorted_chr_29.phased.windowed.pi
 create mode 100644 vcf_stats/window_pi_10000_sorted_chr_3.phased.windowed.pi
 create mode 100644 vcf_stats/window_pi_10000_sorted_chr_30.phased.windowed.pi
 create mode 100644 vcf_stats/window_pi_10000_sorted_chr_31.phased.windowed.pi
 create mode 100644 vcf_stats/window_pi_10000_sorted_chr_32.phased.windowed.pi
 create mode 100644 vcf_stats/window_pi_10000_sorted_chr_33.phased.windowed.pi
 create mode 100644 vcf_stats/window_pi_10000_sorted_chr_4.phased.windowed.pi
 create mode 100644 vcf_stats/window_pi_10000_sorted_chr_5.phased.windowed.pi
 create mode 100644 vcf_stats/window_pi_10000_sorted_chr_6.phased.windowed.pi
 create mode 100644 vcf_stats/window_pi_10000_sorted_chr_7.phased.windowed.pi
 create mode 100644 vcf_stats/window_pi_10000_sorted_chr_8.phased.windowed.pi
 create mode 100644 vcf_stats/window_pi_10000_sorted_chr_9.phased.windowed.pi
 create mode 100644 vcf_stats/window_pi_10000_sorted_chr_Z.phased.windowed.pi
Failed to push changes to git.
